> Task :app:preBuild UP-TO-DATE
> Task :app:preDebugBuild UP-TO-DATE
> Task :app:mergeDebugNativeDebugMetadata NO-SOURCE
> Task :app:checkKotlinGradlePluginConfigurationErrors
> Task :app:generateDebugBuildConfig UP-TO-DATE
> Task :app:checkDebugAarMetadata UP-TO-DATE
> Task :app:generateDebugResValues UP-TO-DATE
> Task :app:mapDebugSourceSetPaths UP-TO-DATE
> Task :app:generateDebugResources UP-TO-DATE
> Task :app:mergeDebugResources UP-TO-DATE
> Task :app:packageDebugResources UP-TO-DATE
> Task :app:parseDebugLocalResources UP-TO-DATE
> Task :app:createDebugCompatibleScreenManifests UP-TO-DATE
> Task :app:extractDeepLinksDebug UP-TO-DATE
> Task :app:processDebugMainManifest UP-TO-DATE
> Task :app:processDebugManifest UP-TO-DATE
> Task :app:processDebugManifestForPackage UP-TO-DATE
> Task :app:processDebugResources UP-TO-DATE
> Task :app:javaPreCompileDebug UP-TO-DATE
> Task :app:mergeDebugShaders UP-TO-DATE
> Task :app:compileDebugShaders NO-SOURCE
> Task :app:generateDebugAssets UP-TO-DATE
> Task :app:mergeDebugAssets UP-TO-DATE
> Task :app:compressDebugAssets UP-TO-DATE
> Task :app:checkDebugDuplicateClasses UP-TO-DATE
> Task :app:desugarDebugFileDependencies UP-TO-DATE
> Task :app:mergeExtDexDebug UP-TO-DATE
> Task :app:mergeLibDexDebug UP-TO-DATE
> Task :app:mergeDebugJniLibFolders UP-TO-DATE
> Task :app:mergeDebugNativeLibs UP-TO-DATE
> Task :app:stripDebugDebugSymbols UP-TO-DATE
> Task :app:validateSigningDebug UP-TO-DATE
> Task :app:writeDebugAppMetadata UP-TO-DATE
> Task :app:writeDebugSigningConfigVersions UP-TO-DATE

> Task :app:kaptGenerateStubsDebugKotlin
e: file:///C:/Users/ashin/StudioProjects/CloudGallery/app/src/main/java/com/akslabs/chitralaya/ui/main/screens/local/LocalPhotoGrid.kt:95:5 Expecting a top level declaration
e: file:///C:/Users/ashin/StudioProjects/CloudGallery/app/src/main/java/com/akslabs/chitralaya/ui/main/screens/local/LocalPhotoGrid.kt:95:13 Expecting a top level declaration
e: file:///C:/Users/ashin/StudioProjects/CloudGallery/app/src/main/java/com/akslabs/chitralaya/ui/main/screens/local/LocalPhotoGrid.kt:95:14 Expecting a top level declaration
e: file:///C:/Users/ashin/StudioProjects/CloudGallery/app/src/main/java/com/akslabs/chitralaya/ui/main/screens/local/LocalPhotoGrid.kt:95:19 Expecting a top level declaration
e: file:///C:/Users/ashin/StudioProjects/CloudGallery/app/src/main/java/com/akslabs/chitralaya/ui/main/screens/local/LocalPhotoGrid.kt:95:20 Expecting a top level declaration
e: file:///C:/Users/ashin/StudioProjects/CloudGallery/app/src/main/java/com/akslabs/chitralaya/ui/main/screens/local/LocalPhotoGrid.kt:95:30 Expecting a top level declaration
e: file:///C:/Users/ashin/StudioProjects/CloudGallery/app/src/main/java/com/akslabs/chitralaya/ui/main/screens/local/LocalPhotoGrid.kt:95:32 Expecting a top level declaration
e: file:///C:/Users/ashin/StudioProjects/CloudGallery/app/src/main/java/com/akslabs/chitralaya/ui/main/screens/local/LocalPhotoGrid.kt:95:42 Expecting a top level declaration
e: file:///C:/Users/ashin/StudioProjects/CloudGallery/app/src/main/java/com/akslabs/chitralaya/ui/main/screens/local/LocalPhotoGrid.kt:95:44 Expecting a top level declaration
e: file:///C:/Users/ashin/StudioProjects/CloudGallery/app/src/main/java/com/akslabs/chitralaya/ui/main/screens/local/LocalPhotoGrid.kt:95:48 Expecting a top level declaration
e: file:///C:/Users/ashin/StudioProjects/CloudGallery/app/src/main/java/com/akslabs/chitralaya/ui/main/screens/local/LocalPhotoGrid.kt:95:50 Expecting a top level declaration
e: file:///C:/Users/ashin/StudioProjects/CloudGallery/app/src/main/java/com/akslabs/chitralaya/ui/main/screens/local/LocalPhotoGrid.kt:95:54 Expecting a top level declaration
e: file:///C:/Users/ashin/StudioProjects/CloudGallery/app/src/main/java/com/akslabs/chitralaya/ui/main/screens/local/LocalPhotoGrid.kt:95:56 Expecting a top level declaration
e: file:///C:/Users/ashin/StudioProjects/CloudGallery/app/src/main/java/com/akslabs/chitralaya/ui/main/screens/local/LocalPhotoGrid.kt:95:60 Expecting a top level declaration
e: file:///C:/Users/ashin/StudioProjects/CloudGallery/app/src/main/java/com/akslabs/chitralaya/ui/main/screens/local/LocalPhotoGrid.kt:95:61 Expecting a top level declaration
e: file:///C:/Users/ashin/StudioProjects/CloudGallery/app/src/main/java/com/akslabs/chitralaya/ui/main/screens/local/LocalPhotoGrid.kt:95:63 Expecting a top level declaration
e: file:///C:/Users/ashin/StudioProjects/CloudGallery/app/src/main/java/com/akslabs/chitralaya/ui/main/screens/local/LocalPhotoGrid.kt:95:67 Expecting a top level declaration
e: file:///C:/Users/ashin/StudioProjects/CloudGallery/app/src/main/java/com/akslabs/chitralaya/ui/main/screens/local/LocalPhotoGrid.kt:95:76 Unexpected tokens (use ';' to separate expressions on the same line)
e: file:///C:/Users/ashin/StudioProjects/CloudGallery/app/src/main/java/com/akslabs/chitralaya/ui/main/screens/local/LocalPhotoGrid.kt:114:5 Expecting a top level declaration
e: file:///C:/Users/ashin/StudioProjects/CloudGallery/app/src/main/java/com/akslabs/chitralaya/ui/main/screens/local/LocalPhotoGrid.kt:115:1 Expecting a top level declaration
e: file:///C:/Users/ashin/StudioProjects/CloudGallery/app/src/main/java/com/akslabs/chitralaya/ui/main/screens/local/LocalPhotoGrid.kt:485:43 Expecting ')'
e: file:///C:/Users/ashin/StudioProjects/CloudGallery/app/src/main/java/com/akslabs/chitralaya/ui/main/screens/local/LocalPhotoGrid.kt:512:27 Unexpected tokens (use ';' to separate expressions on the same line)
e: file:///C:/Users/ashin/StudioProjects/CloudGallery/app/src/main/java/com/akslabs/chitralaya/ui/main/screens/local/LocalPhotoGrid.kt:545:17 Expecting an element
e: file:///C:/Users/ashin/StudioProjects/CloudGallery/app/src/main/java/com/akslabs/chitralaya/ui/main/screens/local/LocalPhotoGrid.kt:547:9 Expecting a top level declaration
e: file:///C:/Users/ashin/StudioProjects/CloudGallery/app/src/main/java/com/akslabs/chitralaya/ui/main/screens/local/LocalPhotoGrid.kt:549:9 Expecting a top level declaration
e: file:///C:/Users/ashin/StudioProjects/CloudGallery/app/src/main/java/com/akslabs/chitralaya/ui/main/screens/local/LocalPhotoGrid.kt:549:22 Expecting a top level declaration
e: file:///C:/Users/ashin/StudioProjects/CloudGallery/app/src/main/java/com/akslabs/chitralaya/ui/main/screens/local/LocalPhotoGrid.kt:549:24 Expecting a top level declaration
e: file:///C:/Users/ashin/StudioProjects/CloudGallery/app/src/main/java/com/akslabs/chitralaya/ui/main/screens/local/LocalPhotoGrid.kt:549:28 Expecting a top level declaration
e: file:///C:/Users/ashin/StudioProjects/CloudGallery/app/src/main/java/com/akslabs/chitralaya/ui/main/screens/local/LocalPhotoGrid.kt:549:36 Unexpected tokens (use ';' to separate expressions on the same line)
e: file:///C:/Users/ashin/StudioProjects/CloudGallery/app/src/main/java/com/akslabs/chitralaya/ui/main/screens/local/LocalPhotoGrid.kt:593:5 Expecting a top level declaration
e: file:///C:/Users/ashin/StudioProjects/CloudGallery/app/src/main/java/com/akslabs/chitralaya/ui/main/screens/local/LocalPhotoGrid.kt:594:1 Expecting a top level declaration
e: file:///C:/Users/ashin/StudioProjects/CloudGallery/app/src/main/java/com/akslabs/chitralaya/ui/main/screens/remote/RemotePhotoGrid.kt:125:2 Expecting 'catch' or 'finally'
e: file:///C:/Users/ashin/StudioProjects/CloudGallery/app/src/main/java/com/akslabs/chitralaya/ui/main/screens/remote/RemotePhotoGrid.kt:301:15 Unexpected tokens (use ';' to separate expressions on the same line)
e: file:///C:/Users/ashin/StudioProjects/CloudGallery/app/src/main/java/com/akslabs/chitralaya/ui/main/screens/remote/RemotePhotoGrid.kt:302:13 Unexpected tokens (use ';' to separate expressions on the same line)
e: file:///C:/Users/ashin/StudioProjects/CloudGallery/app/src/main/java/com/akslabs/chitralaya/ui/main/screens/remote/RemotePhotoGrid.kt:303:1 Expecting an element
e: file:///C:/Users/ashin/StudioProjects/CloudGallery/app/src/main/java/com/akslabs/chitralaya/ui/main/screens/remote/RemotePhotoGrid.kt:425:2 Expecting '}'

> Task :app:kaptGenerateStubsDebugKotlin FAILED
[Incubating] Problems report is available at: file:///C:/Users/ashin/StudioProjects/CloudGallery/build/reports/problems/problems-report.html

FAILURE: Build failed with an exception.

* What went wrong:
Execution failed for task ':app:kaptGenerateStubsDebugKotlin'.
> A failure occurred while executing org.jetbrains.kotlin.compilerRunner.GradleCompilerRunnerWithWorkers$GradleKotlinCompilerWorkAction
   > Compilation error. See log for more details

* Try:
> Run with --stacktrace option to get the stack trace.
> Run with --info or --debug option to get more log output.
> Run with --scan to get full insights.
> Get more help at https://help.gradle.org.

Deprecated Gradle features were used in this build, making it incompatible with Gradle 9.0.

You can use '--warning-mode all' to show the individual deprecation warnings and determine if they come from your own scripts or plugins.

For more on this, please refer to https://docs.gradle.org/8.11.1/userguide/command_line_interface.html#sec:command_line_warnings in the Gradle documentation.

BUILD FAILED in 11s
30 actionable tasks: 2 executed, 28 up-to-date
