> Task :app:preBuild UP-TO-DATE
> Task :app:preDebugBuild UP-TO-DATE
> Task :app:mergeDebugNativeDebugMetadata NO-SOURCE
> Task :app:checkKotlinGradlePluginConfigurationErrors
> Task :app:generateDebugBuildConfig UP-TO-DATE
> Task :app:checkDebugAarMetadata UP-TO-DATE
> Task :app:generateDebugResValues UP-TO-DATE
> Task :app:mapDebugSourceSetPaths UP-TO-DATE
> Task :app:generateDebugResources UP-TO-DATE
> Task :app:mergeDebugResources UP-TO-DATE
> Task :app:packageDebugResources UP-TO-DATE
> Task :app:parseDebugLocalResources UP-TO-DATE
> Task :app:createDebugCompatibleScreenManifests UP-TO-DATE
> Task :app:extractDeepLinksDebug UP-TO-DATE
> Task :app:processDebugMainManifest UP-TO-DATE
> Task :app:processDebugManifest UP-TO-DATE
> Task :app:processDebugManifestForPackage UP-TO-DATE
> Task :app:processDebugResources UP-TO-DATE
> Task :app:javaPreCompileDebug UP-TO-DATE
> Task :app:mergeDebugShaders UP-TO-DATE
> Task :app:compileDebugShaders NO-SOURCE
> Task :app:generateDebugAssets UP-TO-DATE
> Task :app:mergeDebugAssets UP-TO-DATE
> Task :app:compressDebugAssets UP-TO-DATE
> Task :app:checkDebugDuplicateClasses UP-TO-DATE
> Task :app:desugarDebugFileDependencies UP-TO-DATE
> Task :app:mergeExtDexDebug UP-TO-DATE
> Task :app:mergeLibDexDebug UP-TO-DATE
> Task :app:mergeDebugJniLibFolders UP-TO-DATE
> Task :app:mergeDebugNativeLibs UP-TO-DATE
> Task :app:stripDebugDebugSymbols UP-TO-DATE
> Task :app:validateSigningDebug UP-TO-DATE
> Task :app:writeDebugAppMetadata UP-TO-DATE
> Task :app:writeDebugSigningConfigVersions UP-TO-DATE

> Task :app:kaptGenerateStubsDebugKotlin
e: file:///C:/Users/ashin/StudioProjects/CloudGallery/app/src/main/java/com/akslabs/chitralaya/ui/main/MainPage.kt:288:33 Expecting an element
e: file:///C:/Users/ashin/StudioProjects/CloudGallery/app/src/main/java/com/akslabs/chitralaya/ui/main/MainPage.kt:289:31 Unexpected tokens (use ';' to separate expressions on the same line)
e: file:///C:/Users/ashin/StudioProjects/CloudGallery/app/src/main/java/com/akslabs/chitralaya/ui/main/MainPage.kt:428:26 Expecting ')'
e: file:///C:/Users/ashin/StudioProjects/CloudGallery/app/src/main/java/com/akslabs/chitralaya/ui/main/MainPage.kt:430:18 Unexpected tokens (use ';' to separate expressions on the same line)
e: file:///C:/Users/ashin/StudioProjects/CloudGallery/app/src/main/java/com/akslabs/chitralaya/ui/main/MainPage.kt:432:13 Expecting an element
e: file:///C:/Users/ashin/StudioProjects/CloudGallery/app/src/main/java/com/akslabs/chitralaya/ui/main/MainPage.kt:497:6 Expecting ')'
e: file:///C:/Users/ashin/StudioProjects/CloudGallery/app/src/main/java/com/akslabs/chitralaya/ui/main/MainPage.kt:703:2 Expecting '}'
e: file:///C:/Users/ashin/StudioProjects/CloudGallery/app/src/main/java/com/akslabs/chitralaya/ui/main/screens/local/LocalPhotoGrid.kt:177:47 Expecting ')'
e: file:///C:/Users/ashin/StudioProjects/CloudGallery/app/src/main/java/com/akslabs/chitralaya/ui/main/screens/local/LocalPhotoGrid.kt:206:5 Expecting a top level declaration
e: file:///C:/Users/ashin/StudioProjects/CloudGallery/app/src/main/java/com/akslabs/chitralaya/ui/main/screens/local/LocalPhotoGrid.kt:206:19 Expecting a top level declaration
e: file:///C:/Users/ashin/StudioProjects/CloudGallery/app/src/main/java/com/akslabs/chitralaya/ui/main/screens/local/LocalPhotoGrid.kt:206:20 Expecting a top level declaration
e: file:///C:/Users/ashin/StudioProjects/CloudGallery/app/src/main/java/com/akslabs/chitralaya/ui/main/screens/local/LocalPhotoGrid.kt:206:24 Expecting a top level declaration
e: file:///C:/Users/ashin/StudioProjects/CloudGallery/app/src/main/java/com/akslabs/chitralaya/ui/main/screens/local/LocalPhotoGrid.kt:206:26 Expecting a top level declaration
e: file:///C:/Users/ashin/StudioProjects/CloudGallery/app/src/main/java/com/akslabs/chitralaya/ui/main/screens/local/LocalPhotoGrid.kt:213:5 Expecting a top level declaration
e: file:///C:/Users/ashin/StudioProjects/CloudGallery/app/src/main/java/com/akslabs/chitralaya/ui/main/screens/local/LocalPhotoGrid.kt:213:19 Expecting a top level declaration
e: file:///C:/Users/ashin/StudioProjects/CloudGallery/app/src/main/java/com/akslabs/chitralaya/ui/main/screens/local/LocalPhotoGrid.kt:213:20 Expecting a top level declaration
e: file:///C:/Users/ashin/StudioProjects/CloudGallery/app/src/main/java/com/akslabs/chitralaya/ui/main/screens/local/LocalPhotoGrid.kt:213:31 Expecting a top level declaration
e: file:///C:/Users/ashin/StudioProjects/CloudGallery/app/src/main/java/com/akslabs/chitralaya/ui/main/screens/local/LocalPhotoGrid.kt:213:32 Expecting a top level declaration
e: file:///C:/Users/ashin/StudioProjects/CloudGallery/app/src/main/java/com/akslabs/chitralaya/ui/main/screens/local/LocalPhotoGrid.kt:213:41 Expecting a top level declaration
e: file:///C:/Users/ashin/StudioProjects/CloudGallery/app/src/main/java/com/akslabs/chitralaya/ui/main/screens/local/LocalPhotoGrid.kt:213:43 Expecting a top level declaration
e: file:///C:/Users/ashin/StudioProjects/CloudGallery/app/src/main/java/com/akslabs/chitralaya/ui/main/screens/local/LocalPhotoGrid.kt:213:53 Expecting a top level declaration
e: file:///C:/Users/ashin/StudioProjects/CloudGallery/app/src/main/java/com/akslabs/chitralaya/ui/main/screens/local/LocalPhotoGrid.kt:213:55 Expecting a top level declaration
e: file:///C:/Users/ashin/StudioProjects/CloudGallery/app/src/main/java/com/akslabs/chitralaya/ui/main/screens/local/LocalPhotoGrid.kt:213:66 Expecting a top level declaration
e: file:///C:/Users/ashin/StudioProjects/CloudGallery/app/src/main/java/com/akslabs/chitralaya/ui/main/screens/local/LocalPhotoGrid.kt:213:67 Expecting a top level declaration
e: file:///C:/Users/ashin/StudioProjects/CloudGallery/app/src/main/java/com/akslabs/chitralaya/ui/main/screens/local/LocalPhotoGrid.kt:213:76 Expecting a top level declaration
e: file:///C:/Users/ashin/StudioProjects/CloudGallery/app/src/main/java/com/akslabs/chitralaya/ui/main/screens/local/LocalPhotoGrid.kt:213:78 Expecting a top level declaration
e: file:///C:/Users/ashin/StudioProjects/CloudGallery/app/src/main/java/com/akslabs/chitralaya/ui/main/screens/local/LocalPhotoGrid.kt:232:5 Expecting a top level declaration
e: file:///C:/Users/ashin/StudioProjects/CloudGallery/app/src/main/java/com/akslabs/chitralaya/ui/main/screens/local/LocalPhotoGrid.kt:232:8 Expecting a top level declaration
e: file:///C:/Users/ashin/StudioProjects/CloudGallery/app/src/main/java/com/akslabs/chitralaya/ui/main/screens/local/LocalPhotoGrid.kt:233:9 Expecting a top level declaration
e: file:///C:/Users/ashin/StudioProjects/CloudGallery/app/src/main/java/com/akslabs/chitralaya/ui/main/screens/local/LocalPhotoGrid.kt:233:18 Expecting a top level declaration
e: file:///C:/Users/ashin/StudioProjects/CloudGallery/app/src/main/java/com/akslabs/chitralaya/ui/main/screens/local/LocalPhotoGrid.kt:233:20 Expecting a top level declaration
e: file:///C:/Users/ashin/StudioProjects/CloudGallery/app/src/main/java/com/akslabs/chitralaya/ui/main/screens/local/LocalPhotoGrid.kt:233:28 Expecting a top level declaration
e: file:///C:/Users/ashin/StudioProjects/CloudGallery/app/src/main/java/com/akslabs/chitralaya/ui/main/screens/local/LocalPhotoGrid.kt:233:29 Expecting a top level declaration
e: file:///C:/Users/ashin/StudioProjects/CloudGallery/app/src/main/java/com/akslabs/chitralaya/ui/main/screens/local/LocalPhotoGrid.kt:233:40 Expecting a top level declaration
e: file:///C:/Users/ashin/StudioProjects/CloudGallery/app/src/main/java/com/akslabs/chitralaya/ui/main/screens/local/LocalPhotoGrid.kt:233:41 Expecting a top level declaration
e: file:///C:/Users/ashin/StudioProjects/CloudGallery/app/src/main/java/com/akslabs/chitralaya/ui/main/screens/local/LocalPhotoGrid.kt:234:5 Expecting a top level declaration
e: file:///C:/Users/ashin/StudioProjects/CloudGallery/app/src/main/java/com/akslabs/chitralaya/ui/main/screens/local/LocalPhotoGrid.kt:234:7 Expecting a top level declaration
e: file:///C:/Users/ashin/StudioProjects/CloudGallery/app/src/main/java/com/akslabs/chitralaya/ui/main/screens/local/LocalPhotoGrid.kt:432:1 Expecting a top level declaration
e: file:///C:/Users/ashin/StudioProjects/CloudGallery/app/src/main/java/com/akslabs/chitralaya/ui/main/screens/local/LocalPhotoGrid.kt:518:43 Expecting ')'
e: file:///C:/Users/ashin/StudioProjects/CloudGallery/app/src/main/java/com/akslabs/chitralaya/ui/main/screens/local/LocalPhotoGrid.kt:545:27 Unexpected tokens (use ';' to separate expressions on the same line)
e: file:///C:/Users/ashin/StudioProjects/CloudGallery/app/src/main/java/com/akslabs/chitralaya/ui/main/screens/local/LocalPhotoGrid.kt:578:17 Expecting an element
e: file:///C:/Users/ashin/StudioProjects/CloudGallery/app/src/main/java/com/akslabs/chitralaya/ui/main/screens/local/LocalPhotoGrid.kt:580:9 Expecting a top level declaration
e: file:///C:/Users/ashin/StudioProjects/CloudGallery/app/src/main/java/com/akslabs/chitralaya/ui/main/screens/local/LocalPhotoGrid.kt:582:9 Expecting a top level declaration
e: file:///C:/Users/ashin/StudioProjects/CloudGallery/app/src/main/java/com/akslabs/chitralaya/ui/main/screens/local/LocalPhotoGrid.kt:582:22 Expecting a top level declaration
e: file:///C:/Users/ashin/StudioProjects/CloudGallery/app/src/main/java/com/akslabs/chitralaya/ui/main/screens/local/LocalPhotoGrid.kt:582:24 Expecting a top level declaration
e: file:///C:/Users/ashin/StudioProjects/CloudGallery/app/src/main/java/com/akslabs/chitralaya/ui/main/screens/local/LocalPhotoGrid.kt:582:28 Expecting a top level declaration
e: file:///C:/Users/ashin/StudioProjects/CloudGallery/app/src/main/java/com/akslabs/chitralaya/ui/main/screens/local/LocalPhotoGrid.kt:582:36 Unexpected tokens (use ';' to separate expressions on the same line)
e: file:///C:/Users/ashin/StudioProjects/CloudGallery/app/src/main/java/com/akslabs/chitralaya/ui/main/screens/local/LocalPhotoGrid.kt:626:5 Expecting a top level declaration
e: file:///C:/Users/ashin/StudioProjects/CloudGallery/app/src/main/java/com/akslabs/chitralaya/ui/main/screens/local/LocalPhotoGrid.kt:627:1 Expecting a top level declaration
e: file:///C:/Users/ashin/StudioProjects/CloudGallery/app/src/main/java/com/akslabs/chitralaya/ui/main/screens/remote/RemotePhotoGrid.kt:321:97 Unexpected tokens (use ';' to separate expressions on the same line)
e: file:///C:/Users/ashin/StudioProjects/CloudGallery/app/src/main/java/com/akslabs/chitralaya/ui/main/screens/remote/RemotePhotoGrid.kt:341:13 Expecting an element
e: file:///C:/Users/ashin/StudioProjects/CloudGallery/app/src/main/java/com/akslabs/chitralaya/ui/main/screens/remote/RemotePhotoGrid.kt:341:18 Unexpected tokens (use ';' to separate expressions on the same line)

> Task :app:kaptGenerateStubsDebugKotlin FAILED
[Incubating] Problems report is available at: file:///C:/Users/ashin/StudioProjects/CloudGallery/build/reports/problems/problems-report.html

FAILURE: Build failed with an exception.

* What went wrong:
Execution failed for task ':app:kaptGenerateStubsDebugKotlin'.
> A failure occurred while executing org.jetbrains.kotlin.compilerRunner.GradleCompilerRunnerWithWorkers$GradleKotlinCompilerWorkAction
   > Compilation error. See log for more details

* Try:
> Run with --stacktrace option to get the stack trace.
> Run with --info or --debug option to get more log output.
> Run with --scan to get full insights.
> Get more help at https://help.gradle.org.

Deprecated Gradle features were used in this build, making it incompatible with Gradle 9.0.

You can use '--warning-mode all' to show the individual deprecation warnings and determine if they come from your own scripts or plugins.

For more on this, please refer to https://docs.gradle.org/8.11.1/userguide/command_line_interface.html#sec:command_line_warnings in the Gradle documentation.

BUILD FAILED in 11s
30 actionable tasks: 2 executed, 28 up-to-date
